c:\users\t-iriyama\source\repos\dicedice\dicedice\debug\vc141.pdb
c:\users\t-iriyama\source\repos\dicedice\dicedice\debug\.netframework,version=v4.6.1.assemblyattributes.obj
c:\users\t-iriyama\source\repos\dicedice\dicedice\debug\.netframework,version=v4.6.1.assemblyattributes.asm
c:\users\t-iriyama\source\repos\dicedice\dicedice\debug\myform.obj
c:\users\t-iriyama\source\repos\dicedice\dicedice\debug\dicebox.obj
c:\users\t-iriyama\source\repos\dicedice\dicedice\debug\dicedice.myform.resources
c:\users\t-iriyama\source\repos\dicedice\debug\dicedice.exe
c:\users\t-iriyama\source\repos\dicedice\debug\dicedice.pdb
c:\users\t-iriyama\source\repos\dicedice\dicedice\debug\dicedice.vcxproj.generateresource.cache
c:\users\t-iriyama\source\repos\dicedice\dicedice\debug\dicedice.vcxprojresolveassemblyreference.cache
c:\users\t-iriyama\source\repos\dicedice\dicedice\debug\dicedice.tlog\cl.command.1.tlog
c:\users\t-iriyama\source\repos\dicedice\dicedice\debug\dicedice.tlog\cl.read.1.tlog
c:\users\t-iriyama\source\repos\dicedice\dicedice\debug\dicedice.tlog\cl.write.1.tlog
c:\users\t-iriyama\source\repos\dicedice\dicedice\debug\dicedice.tlog\dicedice.write.1u.tlog
c:\users\t-iriyama\source\repos\dicedice\dicedice\debug\dicedice.tlog\link.command.1.tlog
c:\users\t-iriyama\source\repos\dicedice\dicedice\debug\dicedice.tlog\link.read.1.tlog
c:\users\t-iriyama\source\repos\dicedice\dicedice\debug\dicedice.tlog\link.write.1.tlog
c:\users\t-iriyama\source\repos\dicedice\dicedice\debug\dicedice.tlog\metagen.read.1.tlog
c:\users\t-iriyama\source\repos\dicedice\dicedice\debug\dicedice.tlog\metagen.write.1.tlog
c:\users\t-iriyama\source\repos\dicedice\dicedice\debug\dicedice.tlog\tzres.dll.bi
